<?xml version="1.0" encoding="UTF-8"?>
<!-- Generated by org.testng.reporters.JUnitReportReporter -->
<testsuite hostname="L-INE-H0Z4T93" failures="0" tests="1" name="com.runner.RunnerClass$CucumberRunnerTests" time="8.325" errors="0" timestamp="2023-09-15T10:56:11 IST" skipped="0">
  <testcase classname="com.runner.RunnerClass$CucumberRunnerTests" name="runScenario" time="8.325"/>
</testsuite> <!-- com.runner.RunnerClass$CucumberRunnerTests -->
